This file contains any messages produced by compilers while
running configure, to aid debugging if configure makes a mistake.

It was created by buttonmaker configure 0.1, which was
generated by GNU Autoconf 2.69.  Invocation command line was

  $ ./configure 

## --------- ##
## Platform. ##
## --------- ##

hostname = kamek
uname -m = i686
uname -r = 3.2.13-1-ARCH
uname -s = Linux
uname -v = #1 SMP PREEMPT Sat Mar 24 08:09:57 UTC 2012

/usr/bin/uname -p = unknown
/bin/uname -X     = unknown

/bin/arch              = unknown
/usr/bin/arch -k       = unknown
/usr/convex/getsysinfo = unknown
/usr/bin/hostinfo      = unknown
/bin/machine           = unknown
/usr/bin/oslevel       = unknown
/bin/universe          = unknown

PATH: /usr/local/bin
PATH: /usr/bin
PATH: /bin
PATH: /usr/local/sbin
PATH: /usr/sbin
PATH: /sbin
PATH: /usr/share/java/apache-ant/bin
PATH: /usr/bin/core_perl
PATH: /opt/qt/bin
PATH: /usr/local/go/bin
PATH: /home/phil/bin
PATH: /home/phil/.clojure
PATH: /home/phil/.ioke
PATH: /home/phil/.ioke/ioke/bin
PATH: /usr/local/go/bin
PATH: /home/phil/bin
PATH: /home/phil/.clojure
PATH: /home/phil/.ioke
PATH: /home/phil/.ioke/ioke/bin
PATH: /usr/local/go/bin


## ----------- ##
## Core tests. ##
## ----------- ##

configure:2328: checking for a BSD-compatible install
configure:2396: result: /usr/bin/install -c
configure:2407: checking whether build environment is sane
configure:2462: result: yes
configure:2613: checking for a thread-safe mkdir -p
configure:2652: result: /bin/mkdir -p
configure:2665: checking for gawk
configure:2681: found /usr/bin/gawk
configure:2692: result: gawk
configure:2703: checking whether make sets $(MAKE)
configure:2725: result: yes
configure:2817: checking whether make supports nested variables
configure:2834: result: yes
configure:2894: checking for gcc
configure:2910: found /usr/bin/gcc
configure:2921: result: gcc
configure:3150: checking for C compiler version
configure:3159: gcc --version >&5
gcc (GCC) 4.7.0 20120505 (prerelease)
Copyright (C) 2012 Free Software Foundation, Inc.
This is free software; see the source for copying conditions.  There is NO
warranty; not even for MERCHANTABILITY or FITNESS FOR A PARTICULAR PURPOSE.

configure:3170: $? = 0
configure:3159: gcc -v >&5
Using built-in specs.
COLLECT_GCC=gcc
COLLECT_LTO_WRAPPER=/usr/lib/gcc/i686-pc-linux-gnu/4.7.0/lto-wrapper
Target: i686-pc-linux-gnu
Configured with: /build/src/gcc-4.7-20120505/configure --prefix=/usr --libdir=/usr/lib --libexecdir=/usr/lib --mandir=/usr/share/man --infodir=/usr/share/info --with-bugurl=https://bugs.archlinux.org/ --enable-languages=c,c++,ada,fortran,go,lto,objc,obj-c++ --enable-shared --enable-threads=posix --with-system-zlib --enable-__cxa_atexit --disable-libunwind-exceptions --enable-clocale=gnu --disable-libstdcxx-pch --enable-libstdcxx-time --enable-gnu-unique-object --enable-linker-build-id --with-ppl --enable-cloog-backend=isl --enable-lto --enable-gold --enable-ld=default --enable-plugin --with-plugin-ld=ld.gold --with-linker-hash-style=gnu --disable-multilib --disable-libssp --disable-build-with-cxx --disable-build-poststage1-with-cxx --enable-checking=release
Thread model: posix
gcc version 4.7.0 20120505 (prerelease) (GCC) 
configure:3170: $? = 0
configure:3159: gcc -V >&5
gcc: error: unrecognized command line option '-V'
gcc: fatal error: no input files
compilation terminated.
configure:3170: $? = 1
configure:3159: gcc -qversion >&5
gcc: error: unrecognized command line option '-qversion'
gcc: fatal error: no input files
compilation terminated.
configure:3170: $? = 1
configure:3190: checking whether the C compiler works
configure:3212: gcc    conftest.c  >&5
configure:3216: $? = 0
configure:3264: result: yes
configure:3267: checking for C compiler default output file name
configure:3269: result: a.out
configure:3275: checking for suffix of executables
configure:3282: gcc -o conftest    conftest.c  >&5
configure:3286: $? = 0
configure:3308: result: 
configure:3330: checking whether we are cross compiling
configure:3338: gcc -o conftest    conftest.c  >&5
configure:3342: $? = 0
configure:3349: ./conftest
configure:3353: $? = 0
configure:3368: result: no
configure:3373: checking for suffix of object files
configure:3395: gcc -c   conftest.c >&5
configure:3399: $? = 0
configure:3420: result: o
configure:3424: checking whether we are using the GNU C compiler
configure:3443: gcc -c   conftest.c >&5
configure:3443: $? = 0
configure:3452: result: yes
configure:3461: checking whether gcc accepts -g
configure:3481: gcc -c -g  conftest.c >&5
configure:3481: $? = 0
configure:3522: result: yes
configure:3539: checking for gcc option to accept ISO C89
configure:3602: gcc  -c -g -O2  conftest.c >&5
configure:3602: $? = 0
configure:3615: result: none needed
configure:3646: checking for style of include used by make
configure:3674: result: GNU
configure:3700: checking dependency style of gcc
configure:3811: result: gcc3
configure:3832: checking how to run the C preprocessor
configure:3863: gcc -E  conftest.c
configure:3863: $? = 0
configure:3877: gcc -E  conftest.c
conftest.c:11:28: fatal error: ac_nonexistent.h: No such file or directory
compilation terminated.
configure:3877: $? = 1
configure: failed program was:
| /* confdefs.h */
| #define PACKAGE_NAME "buttonmaker"
| #define PACKAGE_TARNAME "buttonmaker"
| #define PACKAGE_VERSION "0.1"
| #define PACKAGE_STRING "buttonmaker 0.1"
| #define PACKAGE_BUGREPORT ""
| #define PACKAGE_URL ""
| #define PACKAGE "buttonmaker"
| #define VERSION "0.1"
| /* end confdefs.h.  */
| #include <ac_nonexistent.h>
configure:3902: result: gcc -E
configure:3922: gcc -E  conftest.c
configure:3922: $? = 0
configure:3936: gcc -E  conftest.c
conftest.c:11:28: fatal error: ac_nonexistent.h: No such file or directory
compilation terminated.
configure:3936: $? = 1
configure: failed program was:
| /* confdefs.h */
| #define PACKAGE_NAME "buttonmaker"
| #define PACKAGE_TARNAME "buttonmaker"
| #define PACKAGE_VERSION "0.1"
| #define PACKAGE_STRING "buttonmaker 0.1"
| #define PACKAGE_BUGREPORT ""
| #define PACKAGE_URL ""
| #define PACKAGE "buttonmaker"
| #define VERSION "0.1"
| /* end confdefs.h.  */
| #include <ac_nonexistent.h>
configure:3965: checking for X
configure:4073: gcc -E  conftest.c
configure:4073: $? = 0
configure:4104: gcc -o conftest -g -O2   conftest.c -lX11  >&5
configure:4104: $? = 0
configure:4154: result: libraries , headers 
configure:4253: gcc -o conftest -g -O2   conftest.c   -lX11 >&5
configure:4253: $? = 0
configure:4351: checking for gethostbyname
configure:4351: gcc -o conftest -g -O2   conftest.c  >&5
configure:4351: $? = 0
configure:4351: result: yes
configure:4448: checking for connect
configure:4448: gcc -o conftest -g -O2   conftest.c  >&5
configure:4448: $? = 0
configure:4448: result: yes
configure:4497: checking for remove
configure:4497: gcc -o conftest -g -O2   conftest.c  >&5
configure:4497: $? = 0
configure:4497: result: yes
configure:4546: checking for shmat
configure:4546: gcc -o conftest -g -O2   conftest.c  >&5
configure:4546: $? = 0
configure:4546: result: yes
configure:4604: checking for IceConnectionNumber in -lICE
configure:4629: gcc -o conftest -g -O2   conftest.c -lICE   >&5
configure:4629: $? = 0
configure:4638: result: yes
configure:4653: checking whether NLS is requested
configure:4662: result: yes
configure:4680: checking for intltool >= 0.35.0
configure:4682: result: 0.50.2 found
configure:4690: checking for intltool-update
configure:4708: found /usr/bin/intltool-update
configure:4720: result: /usr/bin/intltool-update
configure:4730: checking for intltool-merge
configure:4748: found /usr/bin/intltool-merge
configure:4760: result: /usr/bin/intltool-merge
configure:4770: checking for intltool-extract
configure:4788: found /usr/bin/intltool-extract
configure:4800: result: /usr/bin/intltool-extract
configure:4954: checking for xgettext
configure:4972: found /usr/bin/xgettext
configure:4984: result: /usr/bin/xgettext
configure:4994: checking for msgmerge
configure:5012: found /usr/bin/msgmerge
configure:5024: result: /usr/bin/msgmerge
configure:5034: checking for msgfmt
configure:5052: found /usr/bin/msgfmt
configure:5064: result: /usr/bin/msgfmt
configure:5074: checking for gmsgfmt
configure:5105: result: /usr/bin/msgfmt
configure:5125: checking for perl
configure:5143: found /usr/bin/perl
configure:5155: result: /usr/bin/perl
configure:5166: checking for perl >= 5.8.1
configure:5173: result: 5.14.2
configure:5177: checking for XML::Parser
configure:5180: result: ok
configure:5205: gcc -o conftest -g -O2   conftest.c  >&5
configure:5205: $? = 0
configure:5239: checking for grep that handles long lines and -e
configure:5297: result: /usr/bin/grep
configure:5302: checking for egrep
configure:5364: result: /usr/bin/grep -E
configure:5369: checking for ANSI C header files
configure:5389: gcc -c -g -O2  conftest.c >&5
configure:5389: $? = 0
configure:5462: gcc -o conftest -g -O2   conftest.c  >&5
configure:5462: $? = 0
configure:5462: ./conftest
configure:5462: $? = 0
configure:5473: result: yes
configure:5486: checking for sys/types.h
configure:5486: gcc -c -g -O2  conftest.c >&5
configure:5486: $? = 0
configure:5486: result: yes
configure:5486: checking for sys/stat.h
configure:5486: gcc -c -g -O2  conftest.c >&5
configure:5486: $? = 0
configure:5486: result: yes
configure:5486: checking for stdlib.h
configure:5486: gcc -c -g -O2  conftest.c >&5
configure:5486: $? = 0
configure:5486: result: yes
configure:5486: checking for string.h
configure:5486: gcc -c -g -O2  conftest.c >&5
configure:5486: $? = 0
configure:5486: result: yes
configure:5486: checking for memory.h
configure:5486: gcc -c -g -O2  conftest.c >&5
configure:5486: $? = 0
configure:5486: result: yes
configure:5486: checking for strings.h
configure:5486: gcc -c -g -O2  conftest.c >&5
configure:5486: $? = 0
configure:5486: result: yes
configure:5486: checking for inttypes.h
configure:5486: gcc -c -g -O2  conftest.c >&5
configure:5486: $? = 0
configure:5486: result: yes
configure:5486: checking for stdint.h
configure:5486: gcc -c -g -O2  conftest.c >&5
configure:5486: $? = 0
configure:5486: result: yes
configure:5486: checking for unistd.h
configure:5486: gcc -c -g -O2  conftest.c >&5
configure:5486: $? = 0
configure:5486: result: yes
configure:5501: checking locale.h usability
configure:5501: gcc -c -g -O2  conftest.c >&5
configure:5501: $? = 0
configure:5501: result: yes
configure:5501: checking locale.h presence
configure:5501: gcc -E  conftest.c
configure:5501: $? = 0
configure:5501: result: yes
configure:5501: checking for locale.h
configure:5501: result: yes
configure:5512: checking for LC_MESSAGES
configure:5528: gcc -o conftest -g -O2   conftest.c  >&5
configure:5528: $? = 0
configure:5536: result: yes
configure:5553: checking libintl.h usability
configure:5553: gcc -c -g -O2  conftest.c >&5
configure:5553: $? = 0
configure:5553: result: yes
configure:5553: checking libintl.h presence
configure:5553: gcc -E  conftest.c
configure:5553: $? = 0
configure:5553: result: yes
configure:5553: checking for libintl.h
configure:5553: result: yes
configure:5561: checking for ngettext in libc
configure:5579: gcc -o conftest -g -O2   conftest.c  >&5
configure:5579: $? = 0
configure:5588: result: yes
configure:5592: checking for dgettext in libc
configure:5610: gcc -o conftest -g -O2   conftest.c  >&5
configure:5610: $? = 0
configure:5619: result: yes
configure:5626: checking for bind_textdomain_codeset
configure:5626: gcc -o conftest -g -O2   conftest.c  >&5
configure:5626: $? = 0
configure:5626: result: yes
configure:5902: checking for msgfmt
configure:5929: result: /usr/bin/msgfmt
configure:5940: checking for dcgettext
configure:5940: gcc -o conftest -g -O2   conftest.c   >&5
conftest.c:49:6: warning: conflicting types for built-in function 'dcgettext' [enabled by default]
configure:5940: $? = 0
configure:5940: result: yes
configure:5950: checking if msgfmt accepts -c
configure:5965: $MSGFMT -c -o /dev/null conftest.foo
configure:5968: $? = 0
configure:5970: result: yes
configure:5980: checking for gmsgfmt
configure:6011: result: /usr/bin/msgfmt
configure:6021: checking for xgettext
configure:6048: result: /usr/bin/xgettext
configure:6067: gcc -o conftest -g -O2   conftest.c   >&5
configure:6067: $? = 0
configure:6238: checking build system type
configure:6252: result: i686-pc-linux-gnu
configure:6272: checking host system type
configure:6285: result: i686-pc-linux-gnu
configure:6326: checking how to print strings
configure:6353: result: printf
configure:6374: checking for a sed that does not truncate output
configure:6438: result: /bin/sed
configure:6456: checking for fgrep
configure:6518: result: /usr/bin/grep -F
configure:6553: checking for ld used by gcc
configure:6620: result: /usr/bin/ld
configure:6627: checking if the linker (/usr/bin/ld) is GNU ld
configure:6642: result: yes
configure:6654: checking for BSD- or MS-compatible name lister (nm)
configure:6703: result: /usr/bin/nm -B
configure:6833: checking the name lister (/usr/bin/nm -B) interface
configure:6840: gcc -c -g -O2  conftest.c >&5
configure:6843: /usr/bin/nm -B "conftest.o"
configure:6846: output
00000000 B some_variable
configure:6853: result: BSD nm
configure:6856: checking whether ln -s works
configure:6860: result: yes
configure:6868: checking the maximum length of command line arguments
configure:6998: result: 1572864
configure:7015: checking whether the shell understands some XSI constructs
configure:7025: result: yes
configure:7029: checking whether the shell understands "+="
configure:7035: result: yes
configure:7070: checking how to convert i686-pc-linux-gnu file names to i686-pc-linux-gnu format
configure:7110: result: func_convert_file_noop
configure:7117: checking how to convert i686-pc-linux-gnu file names to toolchain format
configure:7137: result: func_convert_file_noop
configure:7144: checking for /usr/bin/ld option to reload object files
configure:7151: result: -r
configure:7225: checking for objdump
configure:7241: found /usr/bin/objdump
configure:7252: result: objdump
configure:7284: checking how to recognize dependent libraries
configure:7486: result: pass_all
configure:7571: checking for dlltool
configure:7601: result: no
configure:7631: checking how to associate runtime and link libraries
configure:7658: result: printf %s\n
configure:7718: checking for ar
configure:7734: found /usr/bin/ar
configure:7745: result: ar
configure:7782: checking for archiver @FILE support
configure:7799: gcc -c -g -O2  conftest.c >&5
configure:7799: $? = 0
configure:7802: ar cru libconftest.a @conftest.lst >&5
configure:7805: $? = 0
configure:7810: ar cru libconftest.a @conftest.lst >&5
ar: conftest.o: No such file or directory
configure:7813: $? = 1
configure:7825: result: @
configure:7883: checking for strip
configure:7899: found /usr/bin/strip
configure:7910: result: strip
configure:7982: checking for ranlib
configure:7998: found /usr/bin/ranlib
configure:8009: result: ranlib
configure:8111: checking command to parse /usr/bin/nm -B output from gcc object
configure:8231: gcc -c -g -O2  conftest.c >&5
configure:8234: $? = 0
configure:8238: /usr/bin/nm -B conftest.o \| sed -n -e 's/^.*[ ]\([ABCDGIRSTW][ABCDGIRSTW]*\)[ ][ ]*\([_A-Za-z][_A-Za-z0-9]*\)$/\1 \2 \2/p' | sed '/ __gnu_lto/d' \> conftest.nm
configure:8241: $? = 0
configure:8307: gcc -o conftest -g -O2   conftest.c conftstm.o >&5
configure:8310: $? = 0
configure:8348: result: ok
configure:8385: checking for sysroot
configure:8415: result: no
configure:8671: checking for mt
configure:8701: result: no
configure:8721: checking if : is a manifest tool
configure:8727: : '-?'
configure:8735: result: no
configure:9374: checking for dlfcn.h
configure:9374: gcc -c -g -O2  conftest.c >&5
configure:9374: $? = 0
configure:9374: result: yes
configure:9580: checking for objdir
configure:9595: result: .libs
configure:9862: checking if gcc supports -fno-rtti -fno-exceptions
configure:9880: gcc -c -g -O2  -fno-rtti -fno-exceptions conftest.c >&5
cc1: warning: command line option '-fno-rtti' is valid for C++/ObjC++ but not for C [enabled by default]
configure:9884: $? = 0
configure:9897: result: no
configure:10224: checking for gcc option to produce PIC
configure:10231: result: -fPIC -DPIC
configure:10239: checking if gcc PIC flag -fPIC -DPIC works
configure:10257: gcc -c -g -O2  -fPIC -DPIC -DPIC conftest.c >&5
configure:10261: $? = 0
configure:10274: result: yes
configure:10303: checking if gcc static flag -static works
configure:10331: result: yes
configure:10346: checking if gcc supports -c -o file.o
configure:10367: gcc -c -g -O2  -o out/conftest2.o conftest.c >&5
configure:10371: $? = 0
configure:10393: result: yes
configure:10401: checking if gcc supports -c -o file.o
configure:10448: result: yes
configure:10481: checking whether the gcc linker (/usr/bin/ld) supports shared libraries
configure:11634: result: yes
configure:11671: checking whether -lc should be explicitly linked in
configure:11679: gcc -c -g -O2  conftest.c >&5
configure:11682: $? = 0
configure:11697: gcc -shared  -fPIC -DPIC conftest.o  -v -Wl,-soname -Wl,conftest -o conftest 2\>\&1 \| /usr/bin/grep  -lc  \>/dev/null 2\>\&1
configure:11700: $? = 0
configure:11714: result: no
configure:11874: checking dynamic linker characteristics
configure:12385: gcc -o conftest -g -O2   -Wl,-rpath -Wl,/foo conftest.c  >&5
configure:12385: $? = 0
configure:12607: result: GNU/Linux ld.so
configure:12714: checking how to hardcode library paths into programs
configure:12739: result: immediate
configure:13279: checking whether stripping libraries is possible
configure:13284: result: yes
configure:13319: checking if libtool supports shared libraries
configure:13321: result: yes
configure:13324: checking whether to build shared libraries
configure:13345: result: yes
configure:13348: checking whether to build static libraries
configure:13352: result: yes
configure:13446: checking for pkg-config
configure:13464: found /usr/bin/pkg-config
configure:13476: result: /usr/bin/pkg-config
configure:13501: checking pkg-config is at least version 0.9.0
configure:13504: result: yes
configure:13514: checking for BUTTONMAKER
configure:13521: $PKG_CONFIG --exists --print-errors "imlib2"
configure:13524: $? = 0
configure:13538: $PKG_CONFIG --exists --print-errors "imlib2"
configure:13541: $? = 0
configure:13599: result: yes
configure:13716: checking that generated files are newer than configure
configure:13722: result: done
configure:13749: creating ./config.status

## ---------------------- ##
## Running config.status. ##
## ---------------------- ##

This file was extended by buttonmaker config.status 0.1, which was
generated by GNU Autoconf 2.69.  Invocation command line was

  CONFIG_FILES    = 
  CONFIG_HEADERS  = 
  CONFIG_LINKS    = 
  CONFIG_COMMANDS = 
  $ ./config.status 

on kamek

config.status:1169: creating Makefile
config.status:1169: creating src/Makefile
config.status:1169: creating po/Makefile.in
config.status:1169: creating config.h
config.status:1350: config.h is unchanged
config.status:1398: executing depfiles commands
config.status:1398: executing default-1 commands
config.status:1398: executing libtool commands
config.status:1398: executing po/stamp-it commands

## ---------------- ##
## Cache variables. ##
## ---------------- ##

ac_cv_build=i686-pc-linux-gnu
ac_cv_c_compiler_gnu=yes
ac_cv_env_BUTTONMAKER_CFLAGS_set=
ac_cv_env_BUTTONMAKER_CFLAGS_value=
ac_cv_env_BUTTONMAKER_LIBS_set=
ac_cv_env_BUTTONMAKER_LIBS_value=
ac_cv_env_CC_set=
ac_cv_env_CC_value=
ac_cv_env_CFLAGS_set=
ac_cv_env_CFLAGS_value=
ac_cv_env_CPPFLAGS_set=
ac_cv_env_CPPFLAGS_value=
ac_cv_env_CPP_set=
ac_cv_env_CPP_value=
ac_cv_env_LDFLAGS_set=
ac_cv_env_LDFLAGS_value=
ac_cv_env_LIBS_set=
ac_cv_env_LIBS_value=
ac_cv_env_PKG_CONFIG_LIBDIR_set=
ac_cv_env_PKG_CONFIG_LIBDIR_value=
ac_cv_env_PKG_CONFIG_PATH_set=set
ac_cv_env_PKG_CONFIG_PATH_value=:/opt/qt/lib/pkgconfig
ac_cv_env_PKG_CONFIG_set=
ac_cv_env_PKG_CONFIG_value=
ac_cv_env_XMKMF_set=
ac_cv_env_XMKMF_value=
ac_cv_env_build_alias_set=
ac_cv_env_build_alias_value=
ac_cv_env_host_alias_set=
ac_cv_env_host_alias_value=
ac_cv_env_target_alias_set=
ac_cv_env_target_alias_value=
ac_cv_func_bind_textdomain_codeset=yes
ac_cv_func_connect=yes
ac_cv_func_dcgettext=yes
ac_cv_func_gethostbyname=yes
ac_cv_func_remove=yes
ac_cv_func_shmat=yes
ac_cv_have_x='have_x=yes	ac_x_includes='\'''\''	ac_x_libraries='\'''\'''
ac_cv_header_dlfcn_h=yes
ac_cv_header_inttypes_h=yes
ac_cv_header_libintl_h=yes
ac_cv_header_locale_h=yes
ac_cv_header_memory_h=yes
ac_cv_header_stdc=yes
ac_cv_header_stdint_h=yes
ac_cv_header_stdlib_h=yes
ac_cv_header_string_h=yes
ac_cv_header_strings_h=yes
ac_cv_header_sys_stat_h=yes
ac_cv_header_sys_types_h=yes
ac_cv_header_unistd_h=yes
ac_cv_host=i686-pc-linux-gnu
ac_cv_lib_ICE_IceConnectionNumber=yes
ac_cv_objext=o
ac_cv_path_EGREP='/usr/bin/grep -E'
ac_cv_path_FGREP='/usr/bin/grep -F'
ac_cv_path_GMSGFMT=/usr/bin/msgfmt
ac_cv_path_GREP=/usr/bin/grep
ac_cv_path_INTLTOOL_EXTRACT=/usr/bin/intltool-extract
ac_cv_path_INTLTOOL_MERGE=/usr/bin/intltool-merge
ac_cv_path_INTLTOOL_PERL=/usr/bin/perl
ac_cv_path_INTLTOOL_UPDATE=/usr/bin/intltool-update
ac_cv_path_MSGFMT=/usr/bin/msgfmt
ac_cv_path_MSGMERGE=/usr/bin/msgmerge
ac_cv_path_SED=/bin/sed
ac_cv_path_XGETTEXT=/usr/bin/xgettext
ac_cv_path_ac_pt_PKG_CONFIG=/usr/bin/pkg-config
ac_cv_path_install='/usr/bin/install -c'
ac_cv_path_mkdir=/bin/mkdir
ac_cv_prog_AWK=gawk
ac_cv_prog_CPP='gcc -E'
ac_cv_prog_ac_ct_AR=ar
ac_cv_prog_ac_ct_CC=gcc
ac_cv_prog_ac_ct_OBJDUMP=objdump
ac_cv_prog_ac_ct_RANLIB=ranlib
ac_cv_prog_ac_ct_STRIP=strip
ac_cv_prog_cc_c89=
ac_cv_prog_cc_g=yes
ac_cv_prog_make_make_set=yes
am_cv_CC_dependencies_compiler_type=gcc3
am_cv_make_support_nested_variables=yes
am_cv_val_LC_MESSAGES=yes
gt_cv_func_dgettext_libc=yes
gt_cv_func_dgettext_libintl=no
gt_cv_func_ngettext_libc=yes
gt_cv_have_gettext=yes
lt_cv_ar_at_file=@
lt_cv_archive_cmds_need_lc=no
lt_cv_deplibs_check_method=pass_all
lt_cv_file_magic_cmd='$MAGIC_CMD'
lt_cv_file_magic_test_file=
lt_cv_ld_reload_flag=-r
lt_cv_nm_interface='BSD nm'
lt_cv_objdir=.libs
lt_cv_path_LD=/usr/bin/ld
lt_cv_path_NM='/usr/bin/nm -B'
lt_cv_path_mainfest_tool=no
lt_cv_prog_compiler_c_o=yes
lt_cv_prog_compiler_pic='-fPIC -DPIC'
lt_cv_prog_compiler_pic_works=yes
lt_cv_prog_compiler_rtti_exceptions=no
lt_cv_prog_compiler_static_works=yes
lt_cv_prog_gnu_ld=yes
lt_cv_sharedlib_from_linklib_cmd='printf %s\n'
lt_cv_shlibpath_overrides_runpath=no
lt_cv_sys_global_symbol_pipe='sed -n -e '\''s/^.*[	 ]\([ABCDGIRSTW][ABCDGIRSTW]*\)[	 ][	 ]*\([_A-Za-z][_A-Za-z0-9]*\)$/\1 \2 \2/p'\'' | sed '\''/ __gnu_lto/d'\'''
lt_cv_sys_global_symbol_to_c_name_address='sed -n -e '\''s/^: \([^ ]*\)[ ]*$/  {\"\1\", (void *) 0},/p'\'' -e '\''s/^[ABCDGIRSTW]* \([^ ]*\) \([^ ]*\)$/  {"\2", (void *) \&\2},/p'\'''
lt_cv_sys_global_symbol_to_c_name_address_lib_prefix='sed -n -e '\''s/^: \([^ ]*\)[ ]*$/  {\"\1\", (void *) 0},/p'\'' -e '\''s/^[ABCDGIRSTW]* \([^ ]*\) \(lib[^ ]*\)$/  {"\2", (void *) \&\2},/p'\'' -e '\''s/^[ABCDGIRSTW]* \([^ ]*\) \([^ ]*\)$/  {"lib\2", (void *) \&\2},/p'\'''
lt_cv_sys_global_symbol_to_cdecl='sed -n -e '\''s/^T .* \(.*\)$/extern int \1();/p'\'' -e '\''s/^[ABCDGIRSTW]* .* \(.*\)$/extern char \1;/p'\'''
lt_cv_sys_max_cmd_len=1572864
lt_cv_to_host_file_cmd=func_convert_file_noop
lt_cv_to_tool_file_cmd=func_convert_file_noop
pkg_cv_BUTTONMAKER_CFLAGS=' '
pkg_cv_BUTTONMAKER_LIBS='-lImlib2  '

## ----------------- ##
## Output variables. ##
## ----------------- ##

ACLOCAL='${SHELL} /home/phil/.pekwm/dockapps/ButtonMaker/missing --run aclocal-1.12'
ALL_LINGUAS=''
AMDEPBACKSLASH='\'
AMDEP_FALSE='#'
AMDEP_TRUE=''
AMTAR='$${TAR-tar}'
AM_BACKSLASH='\'
AM_DEFAULT_V='$(AM_DEFAULT_VERBOSITY)'
AM_DEFAULT_VERBOSITY='0'
AM_V='$(V)'
AR='ar'
AUTOCONF='${SHELL} /home/phil/.pekwm/dockapps/ButtonMaker/missing --run autoconf'
AUTOHEADER='${SHELL} /home/phil/.pekwm/dockapps/ButtonMaker/missing --run autoheader'
AUTOMAKE='${SHELL} /home/phil/.pekwm/dockapps/ButtonMaker/missing --run automake-1.12'
AWK='gawk'
BUTTONMAKER_CFLAGS=' '
BUTTONMAKER_LIBS='-lImlib2  '
CATALOGS=''
CATOBJEXT='.gmo'
CC='gcc'
CCDEPMODE='depmode=gcc3'
CFLAGS='-g -O2'
CPP='gcc -E'
CPPFLAGS=''
CYGPATH_W='echo'
DATADIRNAME='share'
DEFS='-DHAVE_CONFIG_H'
DEPDIR='.deps'
DLLTOOL='false'
DSYMUTIL=''
DUMPBIN=''
ECHO_C=''
ECHO_N='-n'
ECHO_T=''
EGREP='/usr/bin/grep -E'
EXEEXT=''
FGREP='/usr/bin/grep -F'
GETTEXT_PACKAGE='buttonmaker'
GMOFILES=''
GMSGFMT='/usr/bin/msgfmt'
GREP='/usr/bin/grep'
INSTALL_DATA='${INSTALL} -m 644'
INSTALL_PROGRAM='${INSTALL}'
INSTALL_SCRIPT='${INSTALL}'
INSTALL_STRIP_PROGRAM='$(install_sh) -c -s'
INSTOBJEXT='.mo'
INTLLIBS=''
INTLTOOL_CAVES_RULE='%.caves:     %.caves.in     $(INTLTOOL_MERGE) $(wildcard $(top_srcdir)/po/*.po) ; $(INTLTOOL_V_MERGE)LC_ALL=C $(INTLTOOL_MERGE) $(INTLTOOL_V_MERGE_OPTIONS) -d -u -c $(top_builddir)/po/.intltool-merge-cache $(top_srcdir)/po $< $@'
INTLTOOL_DESKTOP_RULE='%.desktop:   %.desktop.in   $(INTLTOOL_MERGE) $(wildcard $(top_srcdir)/po/*.po) ; $(INTLTOOL_V_MERGE)LC_ALL=C $(INTLTOOL_MERGE) $(INTLTOOL_V_MERGE_OPTIONS) -d -u -c $(top_builddir)/po/.intltool-merge-cache $(top_srcdir)/po $< $@'
INTLTOOL_DIRECTORY_RULE='%.directory: %.directory.in $(INTLTOOL_MERGE) $(wildcard $(top_srcdir)/po/*.po) ; $(INTLTOOL_V_MERGE)LC_ALL=C $(INTLTOOL_MERGE) $(INTLTOOL_V_MERGE_OPTIONS) -d -u -c $(top_builddir)/po/.intltool-merge-cache $(top_srcdir)/po $< $@'
INTLTOOL_EXTRACT='/usr/bin/intltool-extract'
INTLTOOL_KBD_RULE='%.kbd:       %.kbd.in       $(INTLTOOL_MERGE) $(wildcard $(top_srcdir)/po/*.po) ; $(INTLTOOL_V_MERGE)LC_ALL=C $(INTLTOOL_MERGE) $(INTLTOOL_V_MERGE_OPTIONS) -x -u -m -c $(top_builddir)/po/.intltool-merge-cache $(top_srcdir)/po $< $@'
INTLTOOL_KEYS_RULE='%.keys:      %.keys.in      $(INTLTOOL_MERGE) $(wildcard $(top_srcdir)/po/*.po) ; $(INTLTOOL_V_MERGE)LC_ALL=C $(INTLTOOL_MERGE) $(INTLTOOL_V_MERGE_OPTIONS) -k -u -c $(top_builddir)/po/.intltool-merge-cache $(top_srcdir)/po $< $@'
INTLTOOL_MERGE='/usr/bin/intltool-merge'
INTLTOOL_OAF_RULE='%.oaf:       %.oaf.in       $(INTLTOOL_MERGE) $(wildcard $(top_srcdir)/po/*.po) ; $(INTLTOOL_V_MERGE)LC_ALL=C $(INTLTOOL_MERGE) $(INTLTOOL_V_MERGE_OPTIONS) -o -p $(top_srcdir)/po $< $@'
INTLTOOL_PERL='/usr/bin/perl'
INTLTOOL_POLICY_RULE='%.policy:    %.policy.in    $(INTLTOOL_MERGE) $(wildcard $(top_srcdir)/po/*.po) ; $(INTLTOOL_V_MERGE)LC_ALL=C $(INTLTOOL_MERGE) $(INTLTOOL_V_MERGE_OPTIONS) -x -u -c $(top_builddir)/po/.intltool-merge-cache $(top_srcdir)/po $< $@'
INTLTOOL_PONG_RULE='%.pong:      %.pong.in      $(INTLTOOL_MERGE) $(wildcard $(top_srcdir)/po/*.po) ; $(INTLTOOL_V_MERGE)LC_ALL=C $(INTLTOOL_MERGE) $(INTLTOOL_V_MERGE_OPTIONS) -x -u -c $(top_builddir)/po/.intltool-merge-cache $(top_srcdir)/po $< $@'
INTLTOOL_PROP_RULE='%.prop:      %.prop.in      $(INTLTOOL_MERGE) $(wildcard $(top_srcdir)/po/*.po) ; $(INTLTOOL_V_MERGE)LC_ALL=C $(INTLTOOL_MERGE) $(INTLTOOL_V_MERGE_OPTIONS) -d -u -c $(top_builddir)/po/.intltool-merge-cache $(top_srcdir)/po $< $@'
INTLTOOL_SCHEMAS_RULE='%.schemas:   %.schemas.in   $(INTLTOOL_MERGE) $(wildcard $(top_srcdir)/po/*.po) ; $(INTLTOOL_V_MERGE)LC_ALL=C $(INTLTOOL_MERGE) $(INTLTOOL_V_MERGE_OPTIONS) -s -u -c $(top_builddir)/po/.intltool-merge-cache $(top_srcdir)/po $< $@'
INTLTOOL_SERVER_RULE='%.server:    %.server.in    $(INTLTOOL_MERGE) $(wildcard $(top_srcdir)/po/*.po) ; $(INTLTOOL_V_MERGE)LC_ALL=C $(INTLTOOL_MERGE) $(INTLTOOL_V_MERGE_OPTIONS) -o -u -c $(top_builddir)/po/.intltool-merge-cache $(top_srcdir)/po $< $@'
INTLTOOL_SERVICE_RULE='%.service: %.service.in   $(INTLTOOL_MERGE) $(wildcard $(top_srcdir)/po/*.po) ; $(INTLTOOL_V_MERGE)LC_ALL=C $(INTLTOOL_MERGE) $(INTLTOOL_V_MERGE_OPTIONS) -d -u -c $(top_builddir)/po/.intltool-merge-cache $(top_srcdir)/po $< $@'
INTLTOOL_SHEET_RULE='%.sheet:     %.sheet.in     $(INTLTOOL_MERGE) $(wildcard $(top_srcdir)/po/*.po) ; $(INTLTOOL_V_MERGE)LC_ALL=C $(INTLTOOL_MERGE) $(INTLTOOL_V_MERGE_OPTIONS) -x -u -c $(top_builddir)/po/.intltool-merge-cache $(top_srcdir)/po $< $@'
INTLTOOL_SOUNDLIST_RULE='%.soundlist: %.soundlist.in $(INTLTOOL_MERGE) $(wildcard $(top_srcdir)/po/*.po) ; $(INTLTOOL_V_MERGE)LC_ALL=C $(INTLTOOL_MERGE) $(INTLTOOL_V_MERGE_OPTIONS) -d -u -c $(top_builddir)/po/.intltool-merge-cache $(top_srcdir)/po $< $@'
INTLTOOL_THEME_RULE='%.theme:     %.theme.in     $(INTLTOOL_MERGE) $(wildcard $(top_srcdir)/po/*.po) ; $(INTLTOOL_V_MERGE)LC_ALL=C $(INTLTOOL_MERGE) $(INTLTOOL_V_MERGE_OPTIONS) -d -u -c $(top_builddir)/po/.intltool-merge-cache $(top_srcdir)/po $< $@'
INTLTOOL_UI_RULE='%.ui:        %.ui.in        $(INTLTOOL_MERGE) $(wildcard $(top_srcdir)/po/*.po) ; $(INTLTOOL_V_MERGE)LC_ALL=C $(INTLTOOL_MERGE) $(INTLTOOL_V_MERGE_OPTIONS) -x -u -c $(top_builddir)/po/.intltool-merge-cache $(top_srcdir)/po $< $@'
INTLTOOL_UPDATE='/usr/bin/intltool-update'
INTLTOOL_V_MERGE='$(INTLTOOL__v_MERGE_$(V))'
INTLTOOL_V_MERGE_OPTIONS='$(intltool__v_merge_options_$(V))'
INTLTOOL_XAM_RULE='%.xam:       %.xml.in       $(INTLTOOL_MERGE) $(wildcard $(top_srcdir)/po/*.po) ; $(INTLTOOL_V_MERGE)LC_ALL=C $(INTLTOOL_MERGE) $(INTLTOOL_V_MERGE_OPTIONS) -x -u -c $(top_builddir)/po/.intltool-merge-cache $(top_srcdir)/po $< $@'
INTLTOOL_XML_NOMERGE_RULE='%.xml:       %.xml.in       $(INTLTOOL_MERGE) ; $(INTLTOOL_V_MERGE)LC_ALL=C $(INTLTOOL_MERGE) $(INTLTOOL_V_MERGE_OPTIONS) -x -u --no-translations $< $@'
INTLTOOL_XML_RULE='%.xml:       %.xml.in       $(INTLTOOL_MERGE) $(wildcard $(top_srcdir)/po/*.po) ; $(INTLTOOL_V_MERGE)LC_ALL=C $(INTLTOOL_MERGE) $(INTLTOOL_V_MERGE_OPTIONS) -x -u -c $(top_builddir)/po/.intltool-merge-cache $(top_srcdir)/po $< $@'
INTLTOOL__v_MERGE_0='@echo "  ITMRG " $@;'
INTLTOOL__v_MERGE_='$(INTLTOOL__v_MERGE_$(AM_DEFAULT_VERBOSITY))'
LD='/usr/bin/ld'
LDFLAGS=''
LIBOBJS=''
LIBS=''
LIBTOOL='$(SHELL) $(top_builddir)/libtool'
LIPO=''
LN_S='ln -s'
LTLIBOBJS=''
MAKEINFO='${SHELL} /home/phil/.pekwm/dockapps/ButtonMaker/missing --run makeinfo'
MANIFEST_TOOL=':'
MKDIR_P='/bin/mkdir -p'
MKINSTALLDIRS='./mkinstalldirs'
MSGFMT='/usr/bin/msgfmt'
MSGFMT_OPTS='-c'
MSGMERGE='/usr/bin/msgmerge'
NM='/usr/bin/nm -B'
NMEDIT=''
OBJDUMP='objdump'
OBJEXT='o'
OTOOL64=''
OTOOL=''
PACKAGE='buttonmaker'
PACKAGE_BUGREPORT=''
PACKAGE_NAME='buttonmaker'
PACKAGE_STRING='buttonmaker 0.1'
PACKAGE_TARNAME='buttonmaker'
PACKAGE_URL=''
PACKAGE_VERSION='0.1'
PATH_SEPARATOR=':'
PKG_CONFIG='/usr/bin/pkg-config'
PKG_CONFIG_LIBDIR=''
PKG_CONFIG_PATH=':/opt/qt/lib/pkgconfig'
POFILES=''
POSUB='po'
PO_IN_DATADIR_FALSE=''
PO_IN_DATADIR_TRUE=''
RANLIB='ranlib'
SED='/bin/sed'
SET_MAKE=''
SHELL='/bin/sh'
STRIP='strip'
USE_NLS='yes'
VERSION='0.1'
XGETTEXT='/usr/bin/xgettext'
XMKMF=''
X_CFLAGS=''
X_EXTRA_LIBS=''
X_LIBS=''
X_PRE_LIBS=' -lSM -lICE'
ac_ct_AR='ar'
ac_ct_CC='gcc'
ac_ct_DUMPBIN=''
am__EXEEXT_FALSE=''
am__EXEEXT_TRUE='#'
am__fastdepCC_FALSE='#'
am__fastdepCC_TRUE=''
am__include='include'
am__isrc=''
am__leading_dot='.'
am__nodep='_no'
am__quote=''
am__tar='$${TAR-tar} chof - "$$tardir"'
am__untar='$${TAR-tar} xf -'
bindir='${exec_prefix}/bin'
build='i686-pc-linux-gnu'
build_alias=''
build_cpu='i686'
build_os='linux-gnu'
build_vendor='pc'
datadir='${datarootdir}'
datarootdir='${prefix}/share'
docdir='${datarootdir}/doc/${PACKAGE_TARNAME}'
dvidir='${docdir}'
exec_prefix='${prefix}'
host='i686-pc-linux-gnu'
host_alias=''
host_cpu='i686'
host_os='linux-gnu'
host_vendor='pc'
htmldir='${docdir}'
includedir='${prefix}/include'
infodir='${datarootdir}/info'
install_sh='${SHELL} /home/phil/.pekwm/dockapps/ButtonMaker/install-sh'
intltool__v_merge_options_0='-q'
intltool__v_merge_options_='$(intltool__v_merge_options_$(AM_DEFAULT_VERBOSITY))'
libdir='${exec_prefix}/lib'
libexecdir='${exec_prefix}/libexec'
localedir='${datarootdir}/locale'
localstatedir='${prefix}/var'
mandir='${datarootdir}/man'
mkdir_p='/bin/mkdir -p'
oldincludedir='/usr/include'
pdfdir='${docdir}'
prefix='/usr/local'
program_transform_name='s,x,x,'
psdir='${docdir}'
sbindir='${exec_prefix}/sbin'
sharedstatedir='${prefix}/com'
sysconfdir='${prefix}/etc'
target_alias=''

## ----------- ##
## confdefs.h. ##
## ----------- ##

/* confdefs.h */
#define PACKAGE_NAME "buttonmaker"
#define PACKAGE_TARNAME "buttonmaker"
#define PACKAGE_VERSION "0.1"
#define PACKAGE_STRING "buttonmaker 0.1"
#define PACKAGE_BUGREPORT ""
#define PACKAGE_URL ""
#define PACKAGE "buttonmaker"
#define VERSION "0.1"
#define GETTEXT_PACKAGE "buttonmaker"
#define STDC_HEADERS 1
#define HAVE_SYS_TYPES_H 1
#define HAVE_SYS_STAT_H 1
#define HAVE_STDLIB_H 1
#define HAVE_STRING_H 1
#define HAVE_MEMORY_H 1
#define HAVE_STRINGS_H 1
#define HAVE_INTTYPES_H 1
#define HAVE_STDINT_H 1
#define HAVE_UNISTD_H 1
#define HAVE_LOCALE_H 1
#define HAVE_LC_MESSAGES 1
#define HAVE_BIND_TEXTDOMAIN_CODESET 1
#define HAVE_GETTEXT 1
#define HAVE_DCGETTEXT 1
#define ENABLE_NLS 1
#define HAVE_DLFCN_H 1
#define LT_OBJDIR ".libs/"

configure: exit 0
